<?xml version="1.0" encoding="UTF-8"?>
<!-- Generated by org.testng.reporters.JUnitReportReporter -->
<testsuite skipped="0" hostname="DESKTOP-18V1E48" name="test.LogingTest" tests="1" failures="0" timestamp="2022-05-27T00:02:40 EDT" time="13.068" errors="0">
  <testcase name="validUserShouldBeAbleToLogin" time="13.068" classname="test.LogingTest"/>
  <system-out/>
</testsuite> <!-- test.LogingTest -->
