<?xml version="1.0" encoding="UTF-8"?>
<!-- Generated by org.testng.reporters.JUnitReportReporter -->
<testsuite skipped="0" hostname="DESKTOP-18V1E48" name="test.AddContactTest" tests="1" failures="0" timestamp="2022-05-27T00:19:48 EDT" time="14.277" errors="0">
  <testcase name="validUserShouldBeAbleToAddCustomer" time="14.277" classname="test.AddContactTest"/>
  <system-out/>
</testsuite> <!-- test.AddContactTest -->
