<?xml version="1.0" encoding="UTF-8"?>
<!-- Generated by org.testng.reporters.JUnitReportReporter -->
<testsuite skipped="0" hostname="DESKTOP-18V1E48" name="test.ListContactTest" tests="1" failures="0" timestamp="2022-05-27T13:31:14 EDT" time="22.265" errors="0">
  <testcase name="validUserShouldBeAbleToAddCustomer" time="22.265" classname="test.ListContactTest"/>
  <system-out/>
</testsuite> <!-- test.ListContactTest -->
